2015-05-27 12:07:07 - PHP Notice:  Undefined variable: styles in /root/vapescape/catalog/view/theme/default/template/common/header.tpl on line 32
2015-05-27 12:07:07 - PHP Warning:  Invalid argument supplied for foreach() in /root/vapescape/catalog/view/theme/default/template/common/header.tpl on line 32
2015-05-27 12:07:28 - PHP Notice:  Undefined variable: styles in /root/vapescape/catalog/view/theme/default/template/common/header.tpl on line 32
2015-05-27 12:07:28 - PHP Warning:  Invalid argument supplied for foreach() in /root/vapescape/catalog/view/theme/default/template/common/header.tpl on line 32
2015-05-27 12:07:29 - PHP Notice:  Undefined variable: styles in /root/vapescape/catalog/view/theme/default/template/common/header.tpl on line 32
2015-05-27 12:07:29 - PHP Warning:  Invalid argument supplied for foreach() in /root/vapescape/catalog/view/theme/default/template/common/header.tpl on line 32
2015-05-27 12:07:46 - PHP Notice:  Undefined variable: styles in /root/vapescape/catalog/view/theme/default/template/common/header.tpl on line 32
2015-05-27 12:07:46 - PHP Warning:  Invalid argument supplied for foreach() in /root/vapescape/catalog/view/theme/default/template/common/header.tpl on line 32
2015-05-27 12:07:47 - PHP Notice:  Undefined variable: styles in /root/vapescape/catalog/view/theme/default/template/common/header.tpl on line 32
2015-05-27 12:07:47 - PHP Warning:  Invalid argument supplied for foreach() in /root/vapescape/catalog/view/theme/default/template/common/header.tpl on line 32
2015-05-27 12:13:34 - PHP Notice:  Undefined variable: icon in /root/vapescape/admin/view/template/common/header.tpl on line 20
2015-05-27 12:13:34 - PHP Notice:  Undefined variable: styles in /root/vapescape/admin/view/template/common/header.tpl on line 32
2015-05-27 12:13:34 - PHP Warning:  Invalid argument supplied for foreach() in /root/vapescape/admin/view/template/common/header.tpl on line 32
2015-05-27 12:13:34 - PHP Notice:  Undefined variable: google_analytics in /root/vapescape/admin/view/template/common/header.tpl on line 39
2015-05-27 12:13:34 - PHP Notice:  Undefined variable: class in /root/vapescape/admin/view/template/common/header.tpl on line 41
2015-05-27 12:13:34 - PHP Notice:  Undefined variable: currency in /root/vapescape/admin/view/template/common/header.tpl on line 44
2015-05-27 12:13:34 - PHP Notice:  Undefined variable: language in /root/vapescape/admin/view/template/common/header.tpl on line 45
2015-05-27 12:13:34 - PHP Notice:  Undefined variable: contact in /root/vapescape/admin/view/template/common/header.tpl on line 48
2015-05-27 12:13:34 - PHP Notice:  Undefined variable: telephone in /root/vapescape/admin/view/template/common/header.tpl on line 48
2015-05-27 12:13:34 - PHP Notice:  Undefined variable: account in /root/vapescape/admin/view/template/common/header.tpl on line 49
2015-05-27 12:13:34 - PHP Notice:  Undefined variable: text_account in /root/vapescape/admin/view/template/common/header.tpl on line 49
2015-05-27 12:13:34 - PHP Notice:  Undefined variable: text_account in /root/vapescape/admin/view/template/common/header.tpl on line 49
2015-05-27 12:13:34 - PHP Notice:  Undefined variable: account in /root/vapescape/admin/view/template/common/header.tpl on line 52
2015-05-27 12:13:34 - PHP Notice:  Undefined variable: text_account in /root/vapescape/admin/view/template/common/header.tpl on line 52
2015-05-27 12:13:34 - PHP Notice:  Undefined variable: order in /root/vapescape/admin/view/template/common/header.tpl on line 53
2015-05-27 12:13:34 - PHP Notice:  Undefined variable: transaction in /root/vapescape/admin/view/template/common/header.tpl on line 54
2015-05-27 12:13:34 - PHP Notice:  Undefined variable: text_transaction in /root/vapescape/admin/view/template/common/header.tpl on line 54
2015-05-27 12:13:34 - PHP Notice:  Undefined variable: download in /root/vapescape/admin/view/template/common/header.tpl on line 55
2015-05-27 12:13:34 - PHP Notice:  Undefined variable: text_download in /root/vapescape/admin/view/template/common/header.tpl on line 55
2015-05-27 12:13:34 - PHP Notice:  Undefined variable: wishlist in /root/vapescape/admin/view/template/common/header.tpl on line 63
2015-05-27 12:13:34 - PHP Notice:  Undefined variable: text_wishlist in /root/vapescape/admin/view/template/common/header.tpl on line 63
2015-05-27 12:13:34 - PHP Notice:  Undefined variable: text_wishlist in /root/vapescape/admin/view/template/common/header.tpl on line 63
2015-05-27 12:13:34 - PHP Notice:  Undefined variable: shopping_cart in /root/vapescape/admin/view/template/common/header.tpl on line 64
2015-05-27 12:13:34 - PHP Notice:  Undefined variable: text_shopping_cart in /root/vapescape/admin/view/template/common/header.tpl on line 64
2015-05-27 12:13:34 - PHP Notice:  Undefined variable: text_shopping_cart in /root/vapescape/admin/view/template/common/header.tpl on line 64
2015-05-27 12:13:34 - PHP Notice:  Undefined variable: checkout in /root/vapescape/admin/view/template/common/header.tpl on line 65
2015-05-27 12:13:34 - PHP Notice:  Undefined variable: text_checkout in /root/vapescape/admin/view/template/common/header.tpl on line 65
2015-05-27 12:13:34 - PHP Notice:  Undefined variable: text_checkout in /root/vapescape/admin/view/template/common/header.tpl on line 65
2015-05-27 12:13:34 - PHP Notice:  Undefined variable: logo in /root/vapescape/admin/view/template/common/header.tpl on line 75
2015-05-27 12:13:34 - PHP Notice:  Undefined variable: name in /root/vapescape/admin/view/template/common/header.tpl on line 78
2015-05-27 12:13:34 - PHP Notice:  Undefined variable: search in /root/vapescape/admin/view/template/common/header.tpl on line 82
2015-05-27 12:13:34 - PHP Notice:  Undefined variable: cart in /root/vapescape/admin/view/template/common/header.tpl on line 84
2015-05-27 12:13:34 - PHP Notice:  Undefined variable: categories in /root/vapescape/admin/view/template/common/header.tpl on line 88
2015-05-27 12:13:37 - PHP Notice:  Undefined variable: icon in /root/vapescape/admin/view/template/common/header.tpl on line 20
2015-05-27 12:13:37 - PHP Notice:  Undefined variable: styles in /root/vapescape/admin/view/template/common/header.tpl on line 32
2015-05-27 12:13:37 - PHP Warning:  Invalid argument supplied for foreach() in /root/vapescape/admin/view/template/common/header.tpl on line 32
2015-05-27 12:13:37 - PHP Notice:  Undefined variable: google_analytics in /root/vapescape/admin/view/template/common/header.tpl on line 39
2015-05-27 12:13:37 - PHP Notice:  Undefined variable: class in /root/vapescape/admin/view/template/common/header.tpl on line 41
2015-05-27 12:13:37 - PHP Notice:  Undefined variable: currency in /root/vapescape/admin/view/template/common/header.tpl on line 44
2015-05-27 12:13:37 - PHP Notice:  Undefined variable: language in /root/vapescape/admin/view/template/common/header.tpl on line 45
2015-05-27 12:13:37 - PHP Notice:  Undefined variable: contact in /root/vapescape/admin/view/template/common/header.tpl on line 48
2015-05-27 12:13:37 - PHP Notice:  Undefined variable: telephone in /root/vapescape/admin/view/template/common/header.tpl on line 48
2015-05-27 12:13:37 - PHP Notice:  Undefined variable: account in /root/vapescape/admin/view/template/common/header.tpl on line 49
2015-05-27 12:13:37 - PHP Notice:  Undefined variable: text_account in /root/vapescape/admin/view/template/common/header.tpl on line 49
2015-05-27 12:13:37 - PHP Notice:  Undefined variable: text_account in /root/vapescape/admin/view/template/common/header.tpl on line 49
2015-05-27 12:13:37 - PHP Notice:  Undefined variable: account in /root/vapescape/admin/view/template/common/header.tpl on line 52
2015-05-27 12:13:37 - PHP Notice:  Undefined variable: text_account in /root/vapescape/admin/view/template/common/header.tpl on line 52
2015-05-27 12:13:37 - PHP Notice:  Undefined variable: order in /root/vapescape/admin/view/template/common/header.tpl on line 53
2015-05-27 12:13:37 - PHP Notice:  Undefined variable: transaction in /root/vapescape/admin/view/template/common/header.tpl on line 54
2015-05-27 12:13:37 - PHP Notice:  Undefined variable: text_transaction in /root/vapescape/admin/view/template/common/header.tpl on line 54
2015-05-27 12:13:37 - PHP Notice:  Undefined variable: download in /root/vapescape/admin/view/template/common/header.tpl on line 55
2015-05-27 12:13:37 - PHP Notice:  Undefined variable: text_download in /root/vapescape/admin/view/template/common/header.tpl on line 55
2015-05-27 12:13:37 - PHP Notice:  Undefined variable: wishlist in /root/vapescape/admin/view/template/common/header.tpl on line 63
2015-05-27 12:13:37 - PHP Notice:  Undefined variable: text_wishlist in /root/vapescape/admin/view/template/common/header.tpl on line 63
2015-05-27 12:13:37 - PHP Notice:  Undefined variable: text_wishlist in /root/vapescape/admin/view/template/common/header.tpl on line 63
2015-05-27 12:13:37 - PHP Notice:  Undefined variable: shopping_cart in /root/vapescape/admin/view/template/common/header.tpl on line 64
2015-05-27 12:13:37 - PHP Notice:  Undefined variable: text_shopping_cart in /root/vapescape/admin/view/template/common/header.tpl on line 64
2015-05-27 12:13:37 - PHP Notice:  Undefined variable: text_shopping_cart in /root/vapescape/admin/view/template/common/header.tpl on line 64
2015-05-27 12:13:37 - PHP Notice:  Undefined variable: checkout in /root/vapescape/admin/view/template/common/header.tpl on line 65
2015-05-27 12:13:37 - PHP Notice:  Undefined variable: text_checkout in /root/vapescape/admin/view/template/common/header.tpl on line 65
2015-05-27 12:13:37 - PHP Notice:  Undefined variable: text_checkout in /root/vapescape/admin/view/template/common/header.tpl on line 65
2015-05-27 12:13:37 - PHP Notice:  Undefined variable: logo in /root/vapescape/admin/view/template/common/header.tpl on line 75
2015-05-27 12:13:37 - PHP Notice:  Undefined variable: name in /root/vapescape/admin/view/template/common/header.tpl on line 78
2015-05-27 12:13:37 - PHP Notice:  Undefined variable: search in /root/vapescape/admin/view/template/common/header.tpl on line 82
2015-05-27 12:13:37 - PHP Notice:  Undefined variable: cart in /root/vapescape/admin/view/template/common/header.tpl on line 84
2015-05-27 12:13:37 - PHP Notice:  Undefined variable: categories in /root/vapescape/admin/view/template/common/header.tpl on line 88
2015-05-27 12:14:02 - PHP Notice:  Undefined variable: icon in /root/vapescape/admin/view/template/common/header.tpl on line 20
2015-05-27 12:14:02 - PHP Notice:  Undefined variable: styles in /root/vapescape/admin/view/template/common/header.tpl on line 32
2015-05-27 12:14:02 - PHP Warning:  Invalid argument supplied for foreach() in /root/vapescape/admin/view/template/common/header.tpl on line 32
2015-05-27 12:14:02 - PHP Notice:  Undefined variable: google_analytics in /root/vapescape/admin/view/template/common/header.tpl on line 39
2015-05-27 12:14:02 - PHP Notice:  Undefined variable: class in /root/vapescape/admin/view/template/common/header.tpl on line 41
2015-05-27 12:14:02 - PHP Notice:  Undefined variable: currency in /root/vapescape/admin/view/template/common/header.tpl on line 44
2015-05-27 12:14:02 - PHP Notice:  Undefined variable: language in /root/vapescape/admin/view/template/common/header.tpl on line 45
2015-05-27 12:14:02 - PHP Notice:  Undefined variable: contact in /root/vapescape/admin/view/template/common/header.tpl on line 48
2015-05-27 12:14:02 - PHP Notice:  Undefined variable: telephone in /root/vapescape/admin/view/template/common/header.tpl on line 48
2015-05-27 12:14:02 - PHP Notice:  Undefined variable: account in /root/vapescape/admin/view/template/common/header.tpl on line 49
2015-05-27 12:14:02 - PHP Notice:  Undefined variable: text_account in /root/vapescape/admin/view/template/common/header.tpl on line 49
2015-05-27 12:14:02 - PHP Notice:  Undefined variable: text_account in /root/vapescape/admin/view/template/common/header.tpl on line 49
2015-05-27 12:14:02 - PHP Notice:  Undefined variable: register in /root/vapescape/admin/view/template/common/header.tpl on line 58
2015-05-27 12:14:02 - PHP Notice:  Undefined variable: text_register in /root/vapescape/admin/view/template/common/header.tpl on line 58
2015-05-27 12:14:02 - PHP Notice:  Undefined variable: login in /root/vapescape/admin/view/template/common/header.tpl on line 59
2015-05-27 12:14:02 - PHP Notice:  Undefined variable: text_login in /root/vapescape/admin/view/template/common/header.tpl on line 59
2015-05-27 12:14:02 - PHP Notice:  Undefined variable: wishlist in /root/vapescape/admin/view/template/common/header.tpl on line 63
2015-05-27 12:14:02 - PHP Notice:  Undefined variable: text_wishlist in /root/vapescape/admin/view/template/common/header.tpl on line 63
2015-05-27 12:14:02 - PHP Notice:  Undefined variable: text_wishlist in /root/vapescape/admin/view/template/common/header.tpl on line 63
2015-05-27 12:14:02 - PHP Notice:  Undefined variable: shopping_cart in /root/vapescape/admin/view/template/common/header.tpl on line 64
2015-05-27 12:14:02 - PHP Notice:  Undefined variable: text_shopping_cart in /root/vapescape/admin/view/template/common/header.tpl on line 64
2015-05-27 12:14:02 - PHP Notice:  Undefined variable: text_shopping_cart in /root/vapescape/admin/view/template/common/header.tpl on line 64
2015-05-27 12:14:02 - PHP Notice:  Undefined variable: checkout in /root/vapescape/admin/view/template/common/header.tpl on line 65
2015-05-27 12:14:02 - PHP Notice:  Undefined variable: text_checkout in /root/vapescape/admin/view/template/common/header.tpl on line 65
2015-05-27 12:14:02 - PHP Notice:  Undefined variable: text_checkout in /root/vapescape/admin/view/template/common/header.tpl on line 65
2015-05-27 12:14:02 - PHP Notice:  Undefined variable: logo in /root/vapescape/admin/view/template/common/header.tpl on line 75
2015-05-27 12:14:02 - PHP Notice:  Undefined variable: name in /root/vapescape/admin/view/template/common/header.tpl on line 78
2015-05-27 12:14:02 - PHP Notice:  Undefined variable: search in /root/vapescape/admin/view/template/common/header.tpl on line 82
2015-05-27 12:14:02 - PHP Notice:  Undefined variable: cart in /root/vapescape/admin/view/template/common/header.tpl on line 84
2015-05-27 12:14:02 - PHP Notice:  Undefined variable: categories in /root/vapescape/admin/view/template/common/header.tpl on line 88
2015-05-27 12:14:03 - PHP Notice:  Undefined variable: icon in /root/vapescape/admin/view/template/common/header.tpl on line 20
2015-05-27 12:14:03 - PHP Notice:  Undefined variable: styles in /root/vapescape/admin/view/template/common/header.tpl on line 32
2015-05-27 12:14:03 - PHP Warning:  Invalid argument supplied for foreach() in /root/vapescape/admin/view/template/common/header.tpl on line 32
2015-05-27 12:14:03 - PHP Notice:  Undefined variable: google_analytics in /root/vapescape/admin/view/template/common/header.tpl on line 39
2015-05-27 12:14:03 - PHP Notice:  Undefined variable: class in /root/vapescape/admin/view/template/common/header.tpl on line 41
2015-05-27 12:14:03 - PHP Notice:  Undefined variable: currency in /root/vapescape/admin/view/template/common/header.tpl on line 44
2015-05-27 12:14:03 - PHP Notice:  Undefined variable: language in /root/vapescape/admin/view/template/common/header.tpl on line 45
2015-05-27 12:14:03 - PHP Notice:  Undefined variable: contact in /root/vapescape/admin/view/template/common/header.tpl on line 48
2015-05-27 12:14:03 - PHP Notice:  Undefined variable: telephone in /root/vapescape/admin/view/template/common/header.tpl on line 48
2015-05-27 12:14:03 - PHP Notice:  Undefined variable: account in /root/vapescape/admin/view/template/common/header.tpl on line 49
2015-05-27 12:14:03 - PHP Notice:  Undefined variable: text_account in /root/vapescape/admin/view/template/common/header.tpl on line 49
2015-05-27 12:14:03 - PHP Notice:  Undefined variable: text_account in /root/vapescape/admin/view/template/common/header.tpl on line 49
2015-05-27 12:14:03 - PHP Notice:  Undefined variable: register in /root/vapescape/admin/view/template/common/header.tpl on line 58
2015-05-27 12:14:03 - PHP Notice:  Undefined variable: text_register in /root/vapescape/admin/view/template/common/header.tpl on line 58
2015-05-27 12:14:03 - PHP Notice:  Undefined variable: login in /root/vapescape/admin/view/template/common/header.tpl on line 59
2015-05-27 12:14:03 - PHP Notice:  Undefined variable: text_login in /root/vapescape/admin/view/template/common/header.tpl on line 59
2015-05-27 12:14:03 - PHP Notice:  Undefined variable: wishlist in /root/vapescape/admin/view/template/common/header.tpl on line 63
2015-05-27 12:14:03 - PHP Notice:  Undefined variable: text_wishlist in /root/vapescape/admin/view/template/common/header.tpl on line 63
2015-05-27 12:14:03 - PHP Notice:  Undefined variable: text_wishlist in /root/vapescape/admin/view/template/common/header.tpl on line 63
2015-05-27 12:14:03 - PHP Notice:  Undefined variable: shopping_cart in /root/vapescape/admin/view/template/common/header.tpl on line 64
2015-05-27 12:14:03 - PHP Notice:  Undefined variable: text_shopping_cart in /root/vapescape/admin/view/template/common/header.tpl on line 64
2015-05-27 12:14:03 - PHP Notice:  Undefined variable: text_shopping_cart in /root/vapescape/admin/view/template/common/header.tpl on line 64
2015-05-27 12:14:03 - PHP Notice:  Undefined variable: checkout in /root/vapescape/admin/view/template/common/header.tpl on line 65
2015-05-27 12:14:03 - PHP Notice:  Undefined variable: text_checkout in /root/vapescape/admin/view/template/common/header.tpl on line 65
2015-05-27 12:14:03 - PHP Notice:  Undefined variable: text_checkout in /root/vapescape/admin/view/template/common/header.tpl on line 65
2015-05-27 12:14:03 - PHP Notice:  Undefined variable: logo in /root/vapescape/admin/view/template/common/header.tpl on line 75
2015-05-27 12:14:03 - PHP Notice:  Undefined variable: name in /root/vapescape/admin/view/template/common/header.tpl on line 78
2015-05-27 12:14:03 - PHP Notice:  Undefined variable: search in /root/vapescape/admin/view/template/common/header.tpl on line 82
2015-05-27 12:14:03 - PHP Notice:  Undefined variable: cart in /root/vapescape/admin/view/template/common/header.tpl on line 84
2015-05-27 12:14:03 - PHP Notice:  Undefined variable: categories in /root/vapescape/admin/view/template/common/header.tpl on line 88
2015-05-27 12:14:11 - PHP Notice:  Undefined variable: icon in /root/vapescape/admin/view/template/common/header.tpl on line 20
2015-05-27 12:14:11 - PHP Notice:  Undefined variable: styles in /root/vapescape/admin/view/template/common/header.tpl on line 32
2015-05-27 12:14:11 - PHP Warning:  Invalid argument supplied for foreach() in /root/vapescape/admin/view/template/common/header.tpl on line 32
2015-05-27 12:14:11 - PHP Notice:  Undefined variable: google_analytics in /root/vapescape/admin/view/template/common/header.tpl on line 39
2015-05-27 12:14:11 - PHP Notice:  Undefined variable: class in /root/vapescape/admin/view/template/common/header.tpl on line 41
2015-05-27 12:14:11 - PHP Notice:  Undefined variable: currency in /root/vapescape/admin/view/template/common/header.tpl on line 44
2015-05-27 12:14:11 - PHP Notice:  Undefined variable: language in /root/vapescape/admin/view/template/common/header.tpl on line 45
2015-05-27 12:14:11 - PHP Notice:  Undefined variable: contact in /root/vapescape/admin/view/template/common/header.tpl on line 48
2015-05-27 12:14:11 - PHP Notice:  Undefined variable: telephone in /root/vapescape/admin/view/template/common/header.tpl on line 48
2015-05-27 12:14:11 - PHP Notice:  Undefined variable: account in /root/vapescape/admin/view/template/common/header.tpl on line 49
2015-05-27 12:14:11 - PHP Notice:  Undefined variable: text_account in /root/vapescape/admin/view/template/common/header.tpl on line 49
2015-05-27 12:14:11 - PHP Notice:  Undefined variable: text_account in /root/vapescape/admin/view/template/common/header.tpl on line 49
2015-05-27 12:14:11 - PHP Notice:  Undefined variable: register in /root/vapescape/admin/view/template/common/header.tpl on line 58
2015-05-27 12:14:11 - PHP Notice:  Undefined variable: text_register in /root/vapescape/admin/view/template/common/header.tpl on line 58
2015-05-27 12:14:11 - PHP Notice:  Undefined variable: login in /root/vapescape/admin/view/template/common/header.tpl on line 59
2015-05-27 12:14:11 - PHP Notice:  Undefined variable: text_login in /root/vapescape/admin/view/template/common/header.tpl on line 59
2015-05-27 12:14:11 - PHP Notice:  Undefined variable: wishlist in /root/vapescape/admin/view/template/common/header.tpl on line 63
2015-05-27 12:14:11 - PHP Notice:  Undefined variable: text_wishlist in /root/vapescape/admin/view/template/common/header.tpl on line 63
2015-05-27 12:14:11 - PHP Notice:  Undefined variable: text_wishlist in /root/vapescape/admin/view/template/common/header.tpl on line 63
2015-05-27 12:14:11 - PHP Notice:  Undefined variable: shopping_cart in /root/vapescape/admin/view/template/common/header.tpl on line 64
2015-05-27 12:14:11 - PHP Notice:  Undefined variable: text_shopping_cart in /root/vapescape/admin/view/template/common/header.tpl on line 64
2015-05-27 12:14:11 - PHP Notice:  Undefined variable: text_shopping_cart in /root/vapescape/admin/view/template/common/header.tpl on line 64
2015-05-27 12:14:11 - PHP Notice:  Undefined variable: checkout in /root/vapescape/admin/view/template/common/header.tpl on line 65
2015-05-27 12:14:11 - PHP Notice:  Undefined variable: text_checkout in /root/vapescape/admin/view/template/common/header.tpl on line 65
2015-05-27 12:14:11 - PHP Notice:  Undefined variable: text_checkout in /root/vapescape/admin/view/template/common/header.tpl on line 65
2015-05-27 12:14:11 - PHP Notice:  Undefined variable: logo in /root/vapescape/admin/view/template/common/header.tpl on line 75
2015-05-27 12:14:11 - PHP Notice:  Undefined variable: name in /root/vapescape/admin/view/template/common/header.tpl on line 78
2015-05-27 12:14:11 - PHP Notice:  Undefined variable: search in /root/vapescape/admin/view/template/common/header.tpl on line 82
2015-05-27 12:14:11 - PHP Notice:  Undefined variable: cart in /root/vapescape/admin/view/template/common/header.tpl on line 84
2015-05-27 12:14:11 - PHP Notice:  Undefined variable: categories in /root/vapescape/admin/view/template/common/header.tpl on line 88
2015-05-27 12:14:47 - PHP Notice:  Undefined variable: styles in /root/vapescape/admin/view/template/common/header.tpl on line 25
2015-05-27 12:14:47 - PHP Warning:  Invalid argument supplied for foreach() in /root/vapescape/admin/view/template/common/header.tpl on line 25
